2025-04-23 15:12:08,367 - INFO - views - views.py - Просмотр курса: DecodeKZ (slug: decodekz)
2025-04-23 15:12:08,371 - INFO - views - views.py - Средний рейтинг курса DecodeKZ: 1.7
2025-04-23 15:12:08,397 - INFO - basehttp - basehttp.py - "GET /course/decodekz/ HTTP/1.1" 200 15893
2025-04-23 15:12:36,166 - INFO - autoreload - autoreload.py - C:\Final_project\coursereview\reviews\views.py changed, reloading.
2025-04-23 15:12:36,839 - INFO - autoreload - autoreload.py - Watching for file changes with StatReloader
2025-04-23 15:12:38,519 - INFO - autoreload - autoreload.py - Watching for file changes with StatReloader
2025-04-23 15:12:40,638 - ERROR - basehttp - basehttp.py - "GET /course/decodekz/ HTTP/1.1" 500 87617
2025-04-23 15:15:15,957 - INFO - autoreload - autoreload.py - C:\Final_project\coursereview\reviews\views.py changed, reloading.
2025-04-23 15:15:16,540 - INFO - autoreload - autoreload.py - Watching for file changes with StatReloader
2025-04-23 15:15:16,605 - INFO - autoreload - autoreload.py - C:\Final_project\coursereview\reviews\views.py changed, reloading.
2025-04-23 15:15:19,550 - INFO - autoreload - autoreload.py - C:\Final_project\coursereview\reviews\views.py changed, reloading.
2025-04-23 15:15:20,127 - INFO - autoreload - autoreload.py - Watching for file changes with StatReloader
2025-04-23 15:15:22,043 - INFO - autoreload - autoreload.py - C:\Final_project\coursereview\reviews\views.py changed, reloading.
2025-04-23 15:15:22,671 - INFO - autoreload - autoreload.py - Watching for file changes with StatReloader
2025-04-23 15:20:33,153 - INFO - autoreload - autoreload.py - C:\Final_project\coursereview\reviews\views.py changed, reloading.
2025-04-23 15:20:33,720 - INFO - autoreload - autoreload.py - Watching for file changes with StatReloader
2025-04-23 15:20:35,592 - INFO - autoreload - autoreload.py - C:\Final_project\coursereview\reviews\views.py changed, reloading.
2025-04-23 15:20:36,188 - INFO - autoreload - autoreload.py - Watching for file changes with StatReloader
2025-04-23 15:27:23,371 - INFO - autoreload - autoreload.py - C:\Final_project\coursereview\reviews\views.py changed, reloading.
2025-04-23 15:27:23,955 - INFO - autoreload - autoreload.py - Watching for file changes with StatReloader
2025-04-23 15:27:25,836 - INFO - autoreload - autoreload.py - C:\Final_project\coursereview\reviews\views.py changed, reloading.
2025-04-23 15:27:26,388 - INFO - autoreload - autoreload.py - Watching for file changes with StatReloader
2025-04-23 15:27:27,708 - INFO - autoreload - autoreload.py - C:\Final_project\coursereview\reviews\views.py changed, reloading.
2025-04-23 15:27:28,270 - INFO - autoreload - autoreload.py - Watching for file changes with StatReloader
2025-04-23 15:27:30,534 - INFO - autoreload - autoreload.py - C:\Final_project\coursereview\reviews\views.py changed, reloading.
2025-04-23 15:27:31,051 - INFO - autoreload - autoreload.py - Watching for file changes with StatReloader
2025-04-23 15:27:42,723 - INFO - autoreload - autoreload.py - C:\Final_project\coursereview\reviews\views.py changed, reloading.
2025-04-23 15:27:43,268 - INFO - autoreload - autoreload.py - Watching for file changes with StatReloader
2025-04-23 15:27:45,545 - INFO - autoreload - autoreload.py - C:\Final_project\coursereview\reviews\views.py changed, reloading.
2025-04-23 15:27:46,205 - INFO - autoreload - autoreload.py - Watching for file changes with StatReloader
2025-04-23 15:27:47,434 - INFO - autoreload - autoreload.py - C:\Final_project\coursereview\reviews\views.py changed, reloading.
2025-04-23 15:27:48,041 - INFO - autoreload - autoreload.py - Watching for file changes with StatReloader
2025-04-23 15:28:02,841 - INFO - autoreload - autoreload.py - C:\Final_project\coursereview\reviews\views.py changed, reloading.
2025-04-23 15:28:03,413 - INFO - autoreload - autoreload.py - Watching for file changes with StatReloader
2025-04-23 15:30:24,129 - INFO - autoreload - autoreload.py - C:\Final_project\coursereview\reviews\views.py changed, reloading.
2025-04-23 15:30:24,735 - INFO - autoreload - autoreload.py - Watching for file changes with StatReloader
2025-04-23 15:30:47,606 - INFO - autoreload - autoreload.py - C:\Final_project\coursereview\reviews\views.py changed, reloading.
2025-04-23 15:30:48,149 - INFO - autoreload - autoreload.py - Watching for file changes with StatReloader
2025-04-23 15:30:50,047 - INFO - autoreload - autoreload.py - C:\Final_project\coursereview\reviews\views.py changed, reloading.
2025-04-23 15:30:50,697 - INFO - autoreload - autoreload.py - Watching for file changes with StatReloader
2025-04-23 15:30:53,026 - INFO - autoreload - autoreload.py - C:\Final_project\coursereview\reviews\views.py changed, reloading.
2025-04-23 15:30:53,611 - INFO - autoreload - autoreload.py - Watching for file changes with StatReloader
2025-04-23 15:30:57,990 - INFO - autoreload - autoreload.py - C:\Final_project\coursereview\reviews\views.py changed, reloading.
2025-04-23 15:30:58,567 - INFO - autoreload - autoreload.py - Watching for file changes with StatReloader
2025-04-23 15:32:07,971 - INFO - autoreload - autoreload.py - C:\Final_project\coursereview\reviews\views.py changed, reloading.
2025-04-23 15:32:08,506 - INFO - autoreload - autoreload.py - Watching for file changes with StatReloader
2025-04-23 15:32:19,144 - INFO - autoreload - autoreload.py - C:\Final_project\coursereview\reviews\views.py changed, reloading.
2025-04-23 15:32:19,735 - INFO - autoreload - autoreload.py - Watching for file changes with StatReloader
2025-04-23 15:32:24,125 - INFO - autoreload - autoreload.py - C:\Final_project\coursereview\reviews\views.py changed, reloading.
2025-04-23 15:32:24,669 - INFO - autoreload - autoreload.py - Watching for file changes with StatReloader
2025-04-23 15:32:34,274 - INFO - autoreload - autoreload.py - C:\Final_project\coursereview\reviews\views.py changed, reloading.
2025-04-23 15:32:34,848 - INFO - autoreload - autoreload.py - Watching for file changes with StatReloader
2025-04-23 15:32:42,335 - INFO - autoreload - autoreload.py - C:\Final_project\coursereview\reviews\views.py changed, reloading.
2025-04-23 15:32:42,868 - INFO - autoreload - autoreload.py - Watching for file changes with StatReloader
2025-04-23 15:32:50,378 - INFO - autoreload - autoreload.py - C:\Final_project\coursereview\reviews\views.py changed, reloading.
2025-04-23 15:32:50,964 - INFO - autoreload - autoreload.py - Watching for file changes with StatReloader
2025-04-23 15:33:04,458 - INFO - autoreload - autoreload.py - C:\Final_project\coursereview\reviews\views.py changed, reloading.
2025-04-23 15:33:05,059 - INFO - autoreload - autoreload.py - Watching for file changes with StatReloader
2025-04-23 15:35:55,347 - INFO - autoreload - autoreload.py - C:\Final_project\coursereview\reviews\views.py changed, reloading.
2025-04-23 15:35:55,962 - INFO - autoreload - autoreload.py - Watching for file changes with StatReloader
2025-04-23 15:36:08,372 - INFO - autoreload - autoreload.py - C:\Final_project\coursereview\reviews\views.py changed, reloading.
2025-04-23 15:36:08,931 - INFO - autoreload - autoreload.py - Watching for file changes with StatReloader
2025-04-23 15:36:11,213 - INFO - autoreload - autoreload.py - C:\Final_project\coursereview\reviews\views.py changed, reloading.
2025-04-23 15:36:11,780 - INFO - autoreload - autoreload.py - Watching for file changes with StatReloader
2025-04-23 15:36:23,175 - INFO - autoreload - autoreload.py - C:\Final_project\coursereview\reviews\views.py changed, reloading.
2025-04-23 15:36:23,736 - INFO - autoreload - autoreload.py - Watching for file changes with StatReloader
2025-04-23 15:43:17,251 - INFO - autoreload - autoreload.py - C:\Final_project\coursereview\reviews\views.py changed, reloading.
2025-04-23 15:43:17,872 - INFO - autoreload - autoreload.py - Watching for file changes with StatReloader
2025-04-23 15:44:59,338 - INFO - autoreload - autoreload.py - C:\Final_project\coursereview\reviews\urls.py changed, reloading.
2025-04-23 15:44:59,855 - INFO - autoreload - autoreload.py - Watching for file changes with StatReloader
2025-04-23 15:45:01,722 - INFO - autoreload - autoreload.py - C:\Final_project\coursereview\reviews\urls.py changed, reloading.
2025-04-23 15:45:02,300 - INFO - autoreload - autoreload.py - Watching for file changes with StatReloader
2025-04-23 15:45:06,342 - INFO - autoreload - autoreload.py - C:\Final_project\coursereview\users\urls.py changed, reloading.
2025-04-23 15:45:06,899 - INFO - autoreload - autoreload.py - Watching for file changes with StatReloader
2025-04-23 15:45:21,702 - INFO - autoreload - autoreload.py - C:\Final_project\coursereview\users\views.py changed, reloading.
2025-04-23 15:45:22,264 - INFO - autoreload - autoreload.py - Watching for file changes with StatReloader
2025-04-23 15:45:26,691 - INFO - autoreload - autoreload.py - C:\Final_project\coursereview\users\views.py changed, reloading.
2025-04-23 15:45:27,251 - INFO - autoreload - autoreload.py - Watching for file changes with StatReloader
2025-04-23 15:45:29,509 - INFO - autoreload - autoreload.py - C:\Final_project\coursereview\users\views.py changed, reloading.
2025-04-23 15:45:30,054 - INFO - autoreload - autoreload.py - Watching for file changes with StatReloader
2025-04-23 15:45:33,393 - INFO - autoreload - autoreload.py - C:\Final_project\coursereview\users\views.py changed, reloading.
2025-04-23 15:45:33,940 - INFO - autoreload - autoreload.py - Watching for file changes with StatReloader
2025-04-23 15:45:35,170 - INFO - autoreload - autoreload.py - C:\Final_project\coursereview\users\views.py changed, reloading.
2025-04-23 15:45:35,737 - INFO - autoreload - autoreload.py - Watching for file changes with StatReloader
2025-04-23 15:45:37,977 - INFO - autoreload - autoreload.py - C:\Final_project\coursereview\users\views.py changed, reloading.
2025-04-23 15:45:38,523 - INFO - autoreload - autoreload.py - Watching for file changes with StatReloader
2025-04-23 15:45:51,260 - INFO - autoreload - autoreload.py - C:\Final_project\coursereview\users\views.py changed, reloading.
2025-04-23 15:45:51,776 - INFO - autoreload - autoreload.py - Watching for file changes with StatReloader
2025-04-23 15:46:20,116 - INFO - autoreload - autoreload.py - C:\Final_project\coursereview\users\views.py changed, reloading.
2025-04-23 15:46:20,661 - INFO - autoreload - autoreload.py - Watching for file changes with StatReloader
2025-04-23 15:46:21,933 - INFO - autoreload - autoreload.py - C:\Final_project\coursereview\users\views.py changed, reloading.
2025-04-23 15:46:22,507 - INFO - autoreload - autoreload.py - Watching for file changes with StatReloader
2025-04-23 15:47:32,726 - INFO - autoreload - autoreload.py - C:\Final_project\coursereview\users\views.py changed, reloading.
2025-04-23 15:47:33,293 - INFO - autoreload - autoreload.py - Watching for file changes with StatReloader
2025-04-23 15:47:34,579 - INFO - autoreload - autoreload.py - C:\Final_project\coursereview\users\views.py changed, reloading.
2025-04-23 15:47:35,137 - INFO - autoreload - autoreload.py - Watching for file changes with StatReloader
2025-04-23 15:47:43,300 - INFO - autoreload - autoreload.py - C:\Final_project\coursereview\users\views.py changed, reloading.
2025-04-23 15:47:43,900 - INFO - autoreload - autoreload.py - Watching for file changes with StatReloader
2025-04-23 15:47:45,756 - INFO - autoreload - autoreload.py - C:\Final_project\coursereview\users\views.py changed, reloading.
2025-04-23 15:47:46,307 - INFO - autoreload - autoreload.py - Watching for file changes with StatReloader
2025-04-23 15:47:52,819 - INFO - autoreload - autoreload.py - C:\Final_project\coursereview\users\views.py changed, reloading.
2025-04-23 15:47:53,345 - INFO - autoreload - autoreload.py - Watching for file changes with StatReloader
2025-04-23 15:47:55,205 - INFO - autoreload - autoreload.py - C:\Final_project\coursereview\users\views.py changed, reloading.
2025-04-23 15:47:55,853 - INFO - autoreload - autoreload.py - Watching for file changes with StatReloader
2025-04-23 15:51:54,323 - INFO - basehttp - basehttp.py - "GET /?category=python HTTP/1.1" 200 15961
2025-04-23 15:51:59,209 - ERROR - basehttp - basehttp.py - "GET /course/decodekz/ HTTP/1.1" 500 87493
2025-04-23 15:52:21,319 - INFO - autoreload - autoreload.py - C:\Final_project\coursereview\reviews\views.py changed, reloading.
2025-04-23 15:52:21,967 - INFO - autoreload - autoreload.py - Watching for file changes with StatReloader
2025-04-23 15:52:23,973 - INFO - views - views.py - Просмотр курса: DecodeKZ (slug: decodekz)
2025-04-23 15:52:23,978 - INFO - views - views.py - Средний рейтинг курса DecodeKZ: 1.7 - Успех
2025-04-23 15:52:24,036 - INFO - basehttp - basehttp.py - "GET /course/decodekz/ HTTP/1.1" 200 15893
2025-04-23 15:52:24,452 - INFO - autoreload - autoreload.py - Watching for file changes with StatReloader
2025-04-23 15:52:26,172 - INFO - basehttp - basehttp.py - "GET / HTTP/1.1" 200 16912
2025-04-23 15:52:28,533 - INFO - basehttp - basehttp.py - "GET /user/profile/ HTTP/1.1" 200 8056
2025-04-23 15:52:28,557 - INFO - basehttp - basehttp.py - "GET /media/users/2025/04/23/PwAAAgBYzOA-1920.jpg HTTP/1.1" 304 0
2025-04-23 15:54:45,783 - INFO - basehttp - basehttp.py - "GET /user/profile/ HTTP/1.1" 200 8255
2025-04-23 15:54:49,441 - INFO - basehttp - basehttp.py - "GET /user/my-reviews/ HTTP/1.1" 200 14720
2025-04-23 15:55:03,396 - INFO - views - views.py - Пользователь vladlen отфильтровал свои отзывы по статусу: pending
2025-04-23 15:55:03,404 - INFO - basehttp - basehttp.py - "GET /user/my-reviews/?status=pending HTTP/1.1" 200 4609
2025-04-23 15:55:04,288 - INFO - views - views.py - Пользователь vladlen отфильтровал свои отзывы по статусу: approved
2025-04-23 15:55:04,304 - INFO - basehttp - basehttp.py - "GET /user/my-reviews/?status=approved HTTP/1.1" 200 14720
2025-04-23 15:55:05,993 - INFO - views - views.py - Пользователь vladlen отфильтровал свои отзывы по статусу: rejected
2025-04-23 15:55:06,001 - INFO - basehttp - basehttp.py - "GET /user/my-reviews/?status=rejected HTTP/1.1" 200 4609
2025-04-23 15:55:06,751 - INFO - views - views.py - Пользователь vladlen отфильтровал свои отзывы по статусу: approved
2025-04-23 15:55:06,766 - INFO - basehttp - basehttp.py - "GET /user/my-reviews/?status=approved HTTP/1.1" 200 14720
2025-04-23 15:55:07,646 - INFO - basehttp - basehttp.py - "GET /user/my-reviews/ HTTP/1.1" 200 14720
2025-04-23 15:55:08,231 - INFO - views - views.py - Пользователь vladlen отфильтровал свои отзывы по статусу: rejected
2025-04-23 15:55:08,240 - INFO - basehttp - basehttp.py - "GET /user/my-reviews/?status=rejected HTTP/1.1" 200 4609
2025-04-23 15:55:10,441 - INFO - basehttp - basehttp.py - "GET /user/my-reviews/ HTTP/1.1" 200 14720
2025-04-23 15:55:11,151 - INFO - views - views.py - Пользователь vladlen отфильтровал свои отзывы по статусу: rejected
2025-04-23 15:55:11,158 - INFO - basehttp - basehttp.py - "GET /user/my-reviews/?status=rejected HTTP/1.1" 200 4609
2025-04-23 15:55:11,594 - INFO - views - views.py - Пользователь vladlen отфильтровал свои отзывы по статусу: approved
2025-04-23 15:55:11,607 - INFO - basehttp - basehttp.py - "GET /user/my-reviews/?status=approved HTTP/1.1" 200 14720
2025-04-23 15:55:12,039 - INFO - views - views.py - Пользователь vladlen отфильтровал свои отзывы по статусу: pending
2025-04-23 15:55:12,047 - INFO - basehttp - basehttp.py - "GET /user/my-reviews/?status=pending HTTP/1.1" 200 4609
2025-04-23 15:55:12,472 - INFO - basehttp - basehttp.py - "GET /user/my-reviews/ HTTP/1.1" 200 14720
2025-04-23 15:55:13,746 - INFO - basehttp - basehttp.py - "GET /user/logout/ HTTP/1.1" 302 0
2025-04-23 15:55:13,917 - INFO - basehttp - basehttp.py - "GET /user/login/ HTTP/1.1" 200 4880
2025-04-23 15:55:15,450 - INFO - basehttp - basehttp.py - "GET /accounts/google/login/ HTTP/1.1" 302 0
2025-04-23 15:55:17,637 - INFO - basehttp - basehttp.py - "GET /accounts/google/login/callback/?state=RSa6ZUZVIctWV0WN&code=4%2F0Ab_5qlkLQO2zRbClHOkfz3CxjaVlOHhviVu0LSGHajn8zwdm1TpVloe_vTavJpJhZgK-Lw&scope=email+profile+https%3A%2F%2Fwww.googleapis.com%2Fauth%2Fuserinfo.email+https%3A%2F%2Fwww.googleapis.com%2Fauth%2Fuserinfo.profile+openid&authuser=2&prompt=none HTTP/1.1" 302 0
2025-04-23 15:55:17,716 - INFO - basehttp - basehttp.py - "GET / HTTP/1.1" 200 16779
2025-04-23 15:55:18,976 - INFO - basehttp - basehttp.py - "GET /user/profile/ HTTP/1.1" 200 7834
2025-04-23 15:55:19,974 - INFO - basehttp - basehttp.py - "GET /user/my-reviews/ HTTP/1.1" 200 17964
2025-04-23 15:55:21,188 - INFO - views - views.py - Пользователь nikitostiktok007 отфильтровал свои отзывы по статусу: pending
2025-04-23 15:55:21,195 - INFO - basehttp - basehttp.py - "GET /user/my-reviews/?status=pending HTTP/1.1" 200 4134
2025-04-23 15:55:21,962 - INFO - views - views.py - Пользователь nikitostiktok007 отфильтровал свои отзывы по статусу: approved
2025-04-23 15:55:21,973 - INFO - basehttp - basehttp.py - "GET /user/my-reviews/?status=approved HTTP/1.1" 200 17964
2025-04-23 15:55:22,625 - INFO - views - views.py - Пользователь nikitostiktok007 отфильтровал свои отзывы по статусу: rejected
2025-04-23 15:55:22,632 - INFO - basehttp - basehttp.py - "GET /user/my-reviews/?status=rejected HTTP/1.1" 200 4134
2025-04-23 15:55:23,468 - INFO - views - views.py - Пользователь nikitostiktok007 отфильтровал свои отзывы по статусу: pending
2025-04-23 15:55:23,474 - INFO - basehttp - basehttp.py - "GET /user/my-reviews/?status=pending HTTP/1.1" 200 4134
2025-04-23 15:55:24,134 - INFO - basehttp - basehttp.py - "GET /user/my-reviews/ HTTP/1.1" 200 17964
2025-04-23 15:55:27,744 - INFO - basehttp - basehttp.py - "GET / HTTP/1.1" 200 16437
